<?xml version="1.0" encoding="utf-8"?><testsuites name="pytest tests"><testsuite name="pytest" errors="0" failures="0" skipped="0" tests="12" time="39.333" timestamp="2026-06-29T19:55:26.093684+00:00" hostname="agent-env-2d5d7f36-a8f6-4510-8b2b-6ea513656449"><testcase classname="backend.tests.test_owned_agent.TestMyAgentIdempotency" name="test_first_call_creates_rookie" time="0.236" /><testcase classname="backend.tests.test_owned_agent.TestMyAgentIdempotency" name="test_second_call_returns_same" time="0.060" /><testcase classname="backend.tests.test_owned_agent.TestAgentEdit" name="test_owner_edit_all_fields" time="0.117" /><testcase classname="backend.tests.test_owned_agent.TestAgentEdit" name="test_wrong_owner_403" time="0.118" /><testcase classname="backend.tests.test_owned_agent.TestIdentityRetention" name="test_finish_preserves_owned_identity" time="22.786" /><testcase classname="backend.tests.test_owned_agent.TestVulgarIntensity" name="test_set_vulgar_and_run_turn" time="15.601" /><testcase classname="backend.tests.test_owned_agent.TestVulgarIntensity" name="test_restore_savage" time="0.054" /><testcase classname="backend.tests.test_owned_agent.TestLeaderboard" name="test_leaderboard_ranks_by_shame" time="0.052" /><testcase classname="backend.tests.test_owned_agent.TestRegression" name="test_root" time="0.043" /><testcase classname="backend.tests.test_owned_agent.TestRegression" name="test_list_agents" time="0.060" /><testcase classname="backend.tests.test_owned_agent.TestRegression" name="test_settings_get" time="0.046" /><testcase classname="backend.tests.test_owned_agent.TestRegression" name="test_test_ollama_no_500" time="0.071" /></testsuite></testsuites>