<?xml version="1.0" encoding="utf-8"?><testsuites name="pytest tests"><testsuite name="pytest" errors="0" failures="6" skipped="0" tests="11" time="8.284" timestamp="2026-06-29T17:22:33.654339+00:00" hostname="agent-env-2d5d7f36-a8f6-4510-8b2b-6ea513656449"><testcase classname="backend.tests.test_arena_api" name="test_root" time="0.283" /><testcase classname="backend.tests.test_arena_api" name="test_seed_agents" time="0.053" /><testcase classname="backend.tests.test_arena_api" name="test_list_agents" time="0.051" /><testcase classname="backend.tests.test_arena_api" name="test_get_agent" time="0.050"><failure message="assert 404 == 200&#10; +  where 404 = &lt;Response [404]&gt;.status_code">backend/tests/test_arena_api.py:46: in test_get_agent
    assert r.status_code == 200
E   assert 404 == 200
E    +  where 404 = &lt;Response [404]&gt;.status_code</failure></testcase><testcase classname="backend.tests.test_arena_api" name="test_create_battle" time="0.050"><failure message="AssertionError: {&quot;detail&quot;:&quot;Agent not found&quot;}&#10;assert 404 == 200&#10; +  where 404 = &lt;Response [404]&gt;.status_code">backend/tests/test_arena_api.py:53: in test_create_battle
    assert r.status_code == 200, r.text
E   AssertionError: {"detail":"Agent not found"}
E   assert 404 == 200
E    +  where 404 = &lt;Response [404]&gt;.status_code</failure></testcase><testcase classname="backend.tests.test_arena_api" name="test_two_turns" time="0.000"><failure message="KeyError: 'battle_id'">backend/tests/test_arena_api.py:65: in test_two_turns
    bid = state["battle_id"]
          ^^^^^^^^^^^^^^^^^^
E   KeyError: 'battle_id'</failure></testcase><testcase classname="backend.tests.test_arena_api" name="test_list_battles" time="0.045"><failure message="assert False&#10; +  where False = any(&lt;generator object test_list_battles.&lt;locals&gt;.&lt;genexpr&gt; at 0xfa5374e77140&gt;)">backend/tests/test_arena_api.py:88: in test_list_battles
    assert any(b["id"] == state["battle_id"] for b in arr)
E   assert False
E    +  where False = any(&lt;generator object test_list_battles.&lt;locals&gt;.&lt;genexpr&gt; at 0xfa5374e77140&gt;)</failure></testcase><testcase classname="backend.tests.test_arena_api" name="test_finish_battle_and_evolution" time="0.000"><failure message="KeyError: 'battle_id'">backend/tests/test_arena_api.py:92: in test_finish_battle_and_evolution
    bid = state["battle_id"]
          ^^^^^^^^^^^^^^^^^^
E   KeyError: 'battle_id'</failure></testcase><testcase classname="backend.tests.test_arena_api" name="test_finish_already_finished_returns_ok" time="0.000"><failure message="KeyError: 'battle_id'">backend/tests/test_arena_api.py:119: in test_finish_already_finished_returns_ok
    bid = state["battle_id"]
          ^^^^^^^^^^^^^^^^^^
E   KeyError: 'battle_id'</failure></testcase><testcase classname="backend.tests.test_arena_api" name="test_battle_404" time="0.050" /><testcase classname="backend.tests.test_arena_api" name="test_generate_agent_llm" time="7.597" /></testsuite></testsuites>